2020-11-19 22:05:02,090 [Worker-1: Loading available Gradle versions] INFO  o.e.b.c.i.u.g.PublishedGradleVersions - Gradle version information cache is up-to-date. Trying to read.
2020-11-19 22:06:03,534 [Worker-6: Importing Maven projects] INFO  o.e.m.c.i.l.LifecycleMappingFactory - Using org.maven.ide.eclipse.wtp.WarLifecycleMapping lifecycle mapping for MavenProject: com.devsuperior.spring-pesquisa-games:pesquisa-games:0.0.1-SNAPSHOT @ C:\Users\FERN\eclipse-workspace-pesquisa-games\pesquisa_games\backend\pom.xml.
2020-11-19 22:06:06,113 [Worker-6: Importing Maven projects] INFO  o.e.m.j.i.AbstractJavaProjectConfigurator - Adding source folder /pesquisa-games/src/main/java
2020-11-19 22:06:06,114 [Worker-6: Importing Maven projects] INFO  o.e.m.j.i.AbstractJavaProjectConfigurator - Adding resource folder /pesquisa-games/src/main/resources
2020-11-19 22:06:06,127 [Worker-6: Importing Maven projects] INFO  o.e.m.j.i.AbstractJavaProjectConfigurator - Adding resource folder /pesquisa-games/src/main/resources
2020-11-19 22:06:06,142 [Worker-6: Importing Maven projects] INFO  o.e.m.j.i.AbstractJavaProjectConfigurator - Adding source folder /pesquisa-games/src/test/java
2020-11-19 22:06:12,669 [Worker-6: Importing Maven projects] INFO  o.e.m.c.i.p.ProjectConfigurationManager - Imported and configured 1 project(s) in 12 sec
2020-11-19 22:06:15,712 [Worker-1: Building] INFO  o.e.m.c.i.embedder.EclipseLogger - Using 'UTF-8' encoding to copy filtered resources.
2020-11-19 22:06:15,718 [Worker-1: Building] INFO  o.e.m.c.i.embedder.EclipseLogger - Copying 4 resources
2020-11-19 22:06:15,757 [Worker-1: Building] INFO  o.e.m.c.i.embedder.EclipseLogger - Copying 1 resource
2020-11-19 22:06:15,784 [Worker-1: Building] INFO  o.e.m.c.i.embedder.EclipseLogger - Using 'UTF-8' encoding to copy filtered resources.
2020-11-19 22:06:15,784 [Worker-1: Building] INFO  o.e.m.c.i.embedder.EclipseLogger - skip non existing resourceDirectory C:\Users\FERN\eclipse-workspace-pesquisa-games\pesquisa_games\backend\src\test\resources
2020-11-21 04:18:22,615 [Worker-0: Loading available Gradle versions] INFO  o.e.b.c.i.u.g.PublishedGradleVersions - Gradle version information cache is out-of-date. Trying to update.
2020-11-21 04:18:23,912 [Worker-0: Loading available Gradle versions] INFO  o.e.b.c.i.u.g.PublishedGradleVersions - Updating Gradle version information cache failed. Using outdated cache.
2020-11-21 04:57:14,365 [Worker-15: Building] INFO  o.e.m.c.i.embedder.EclipseLogger - Using 'UTF-8' encoding to copy filtered resources.
2020-11-21 04:57:14,372 [Worker-15: Building] INFO  o.e.m.c.i.embedder.EclipseLogger - Copying 4 resources
2020-11-21 04:57:14,444 [Worker-15: Building] INFO  o.e.m.c.i.embedder.EclipseLogger - Copying 1 resource
2020-11-21 04:57:14,448 [Worker-15: Building] INFO  o.e.m.c.i.embedder.EclipseLogger - Using 'UTF-8' encoding to copy filtered resources.
2020-11-21 04:57:14,448 [Worker-15: Building] INFO  o.e.m.c.i.embedder.EclipseLogger - skip non existing resourceDirectory C:\Users\FERN\eclipse-workspace-pesquisa-games\pesquisa_games\backend\src\test\resources
2020-11-21 04:57:18,022 [Worker-17: Building] INFO  o.e.m.c.i.embedder.EclipseLogger - Using 'UTF-8' encoding to copy filtered resources.
2020-11-21 04:57:18,024 [Worker-17: Building] INFO  o.e.m.c.i.embedder.EclipseLogger - Copying 0 resource
2020-11-21 04:57:18,024 [Worker-17: Building] INFO  o.e.m.c.i.embedder.EclipseLogger - Copying 0 resource
2020-11-21 04:57:18,026 [Worker-17: Building] INFO  o.e.m.c.i.embedder.EclipseLogger - Using 'UTF-8' encoding to copy filtered resources.
2020-11-21 04:57:18,026 [Worker-17: Building] INFO  o.e.m.c.i.embedder.EclipseLogger - skip non existing resourceDirectory C:\Users\FERN\eclipse-workspace-pesquisa-games\pesquisa_games\backend\src\test\resources
2020-11-21 05:14:17,850 [Worker-20: Building] INFO  o.e.m.c.i.embedder.EclipseLogger - Using 'UTF-8' encoding to copy filtered resources.
2020-11-21 05:14:17,863 [Worker-20: Building] INFO  o.e.m.c.i.embedder.EclipseLogger - Copying 4 resources
2020-11-21 05:14:17,909 [Worker-20: Building] INFO  o.e.m.c.i.embedder.EclipseLogger - Copying 1 resource
2020-11-21 05:14:17,912 [Worker-20: Building] INFO  o.e.m.c.i.embedder.EclipseLogger - Using 'UTF-8' encoding to copy filtered resources.
2020-11-21 05:14:17,912 [Worker-20: Building] INFO  o.e.m.c.i.embedder.EclipseLogger - skip non existing resourceDirectory C:\Users\FERN\eclipse-workspace-pesquisa-games\pesquisa_games\backend\src\test\resources
2020-11-21 05:14:37,801 [Worker-21: Building] INFO  o.e.m.c.i.embedder.EclipseLogger - Using 'UTF-8' encoding to copy filtered resources.
2020-11-21 05:14:37,803 [Worker-21: Building] INFO  o.e.m.c.i.embedder.EclipseLogger - Copying 4 resources
2020-11-21 05:14:37,816 [Worker-21: Building] INFO  o.e.m.c.i.embedder.EclipseLogger - Copying 1 resource
2020-11-21 05:14:37,819 [Worker-21: Building] INFO  o.e.m.c.i.embedder.EclipseLogger - Using 'UTF-8' encoding to copy filtered resources.
2020-11-21 05:14:37,819 [Worker-21: Building] INFO  o.e.m.c.i.embedder.EclipseLogger - skip non existing resourceDirectory C:\Users\FERN\eclipse-workspace-pesquisa-games\pesquisa_games\backend\src\test\resources
2020-11-21 05:15:06,805 [Worker-21: Building] INFO  o.e.m.c.i.embedder.EclipseLogger - Using 'UTF-8' encoding to copy filtered resources.
2020-11-21 05:15:06,806 [Worker-21: Building] INFO  o.e.m.c.i.embedder.EclipseLogger - Copying 4 resources
2020-11-21 05:15:06,815 [Worker-21: Building] INFO  o.e.m.c.i.embedder.EclipseLogger - Copying 1 resource
2020-11-21 05:15:06,818 [Worker-21: Building] INFO  o.e.m.c.i.embedder.EclipseLogger - Using 'UTF-8' encoding to copy filtered resources.
2020-11-21 05:15:06,818 [Worker-21: Building] INFO  o.e.m.c.i.embedder.EclipseLogger - skip non existing resourceDirectory C:\Users\FERN\eclipse-workspace-pesquisa-games\pesquisa_games\backend\src\test\resources
2020-11-21 05:16:41,382 [Worker-22: Building] INFO  o.e.m.c.i.embedder.EclipseLogger - Using 'UTF-8' encoding to copy filtered resources.
2020-11-21 05:16:41,384 [Worker-22: Building] INFO  o.e.m.c.i.embedder.EclipseLogger - Copying 4 resources
2020-11-21 05:16:41,393 [Worker-22: Building] INFO  o.e.m.c.i.embedder.EclipseLogger - Copying 1 resource
2020-11-21 05:16:41,395 [Worker-22: Building] INFO  o.e.m.c.i.embedder.EclipseLogger - Using 'UTF-8' encoding to copy filtered resources.
